<?xml version="1.0" encoding="UTF-8"?>
<!-- Generated by org.testng.reporters.JUnitXMLReporter -->
<testsuite ignored="0" hostname="DESKTOP-F32IEPM" failures="0" tests="4" name="Default test" time="13.845" errors="0" timestamp="2025-01-20T14:55:41 IST">
  <testcase classname="api.test.PropertieReaderUserTests2" name="testPropertieReaderPostUser" time="5.054"/>
  <testcase classname="api.test.PropertieReaderUserTests2" name="testPropertieReaderGetUserByName" time="3.339"/>
  <testcase classname="api.test.PropertieReaderUserTests2" name="testPropertieReaderUpdateUser" time="3.261"/>
  <testcase classname="api.test.PropertieReaderUserTests2" name="testPropertieReaderDeleteUser" time="1.789"/>
</testsuite> <!-- Default test -->
