<?xml version="1.0" encoding="UTF-8"?>
<!-- Generated by org.testng.reporters.JUnitXMLReporter -->
<testsuite ignored="0" hostname="DESKTOP-F32IEPM" failures="0" tests="8" name="Test" time="25.466" errors="0" timestamp="2025-01-20T14:56:38 IST">
  <testcase classname="api.test.UserTests" name="testPostUser" time="9.225"/>
  <testcase classname="api.test.UserTests" name="testGetUserByName" time="1.571"/>
  <testcase classname="api.test.UserTests" name="testUpdateUser" time="3.313"/>
  <testcase classname="api.test.UserTests" name="testDeleteUser" time="1.677"/>
  <testcase classname="api.test.PropertieReaderUserTests2" name="testPropertieReaderPostUser" time="1.57"/>
  <testcase classname="api.test.PropertieReaderUserTests2" name="testPropertieReaderGetUserByName" time="1.712"/>
  <testcase classname="api.test.PropertieReaderUserTests2" name="testPropertieReaderUpdateUser" time="3.714"/>
  <testcase classname="api.test.PropertieReaderUserTests2" name="testPropertieReaderDeleteUser" time="1.929"/>
</testsuite> <!-- Test -->
