<?xml version="1.0" encoding="UTF-8"?>
<!-- Generated by org.testng.reporters.JUnitXMLReporter -->
<testsuite ignored="0" hostname="DESKTOP-F32IEPM" failures="0" tests="8" name="Test" time="21.388" errors="0" timestamp="2025-01-20T15:44:09 IST">
  <testcase classname="api.test.UserTests" name="testPostUser" time="4.764"/>
  <testcase classname="api.test.UserTests" name="testGetUserByName" time="1.959"/>
  <testcase classname="api.test.UserTests" name="testUpdateUser" time="3.724"/>
  <testcase classname="api.test.UserTests" name="testDeleteUser" time="1.766"/>
  <testcase classname="api.test.PropertieReaderUserTests2" name="testPropertieReaderPostUser" time="1.741"/>
  <testcase classname="api.test.PropertieReaderUserTests2" name="testPropertieReaderGetUserByName" time="1.826"/>
  <testcase classname="api.test.PropertieReaderUserTests2" name="testPropertieReaderUpdateUser" time="3.117"/>
  <testcase classname="api.test.PropertieReaderUserTests2" name="testPropertieReaderDeleteUser" time="1.819"/>
</testsuite> <!-- Test -->
