<?xml version="1.0" encoding="UTF-8"?>
<testsuite xmlns:xsi="http://www.w3.org/2001/XMLSchema-instance" xsi:noNamespaceSchemaLocation="https://maven.apache.org/surefire/maven-surefire-plugin/xsd/surefire-test-report.xsd" version="3.0.2" name="TestSuite" time="22.653" tests="8" errors="0" skipped="0" failures="0">
  <properties>
[...]
</properties>
  <testcase name="testPostUser" classname="api.test.UserTests" time="4.776">
    <system-out><![CDATA[{
    "code": 200,
    "type": "unknown",
    "message": "65488937"
}
]]></system-out>
    <system-err><![CDATA[SLF4J: Failed to load class "org.slf4j.impl.StaticLoggerBinder".
SLF4J: Defaulting to no-operation (NOP) logger implementation
SLF4J: See http://www.slf4j.org/codes.html#StaticLoggerBinder for further details.
]]></system-err>
  </testcase>
  <testcase name="testGetUserByName" classname="api.test.UserTests" time="1.957">
    <system-out><![CDATA[{
    "id": 65488937,
    "username": "truman.price",
    "firstName": "Elroy",
    "lastName": "Lowe",
    "email": "makeda.stoltenberg@gmail.com",
    "password": "61o71bs58wluam",
    "phone": "967.267.7701",
    "userStatus": 0
}
]]></system-out>
  </testcase>
  <testcase name="testUpdateUser" classname="api.test.UserTests" time="3.723">
    <system-out><![CDATA[{
    "code": 200,
    "type": "unknown",
    "message": "65488937"
}
{
    "id": 65488937,
    "username": "truman.price",
    "firstName": "Concepcion",
    "lastName": "Senger",
    "email": "cristobal.veum@gmail.com",
    "password": "61o71bs58wluam",
    "phone": "967.267.7701",
    "userStatus": 0
}
]]></system-out>
  </testcase>
  <testcase name="testDeleteUser" classname="api.test.UserTests" time="1.773">
    <system-out><![CDATA[{
    "code": 200,
    "type": "unknown",
    "message": "truman.price"
}
]]></system-out>
  </testcase>
  <testcase name="testPropertieReaderPostUser" classname="api.test.PropertieReaderUserTests2" time="1.751">
    <system-out><![CDATA[{
    "code": 200,
    "type": "unknown",
    "message": "332750956"
}
]]></system-out>
  </testcase>
  <testcase name="testPropertieReaderGetUserByName" classname="api.test.PropertieReaderUserTests2" time="1.834">
    <system-out><![CDATA[{
    "id": 332750956,
    "username": "charles.bednar",
    "firstName": "Etsuko",
    "lastName": "Kunde",
    "email": "dena.windler@yahoo.com",
    "password": "jce774zdvq",
    "phone": "837-442-2530",
    "userStatus": 0
}
]]></system-out>
  </testcase>
  <testcase name="testPropertieReaderUpdateUser" classname="api.test.PropertieReaderUserTests2" time="3.137">
    <system-out><![CDATA[{
    "code": 200,
    "type": "unknown",
    "message": "332750956"
}
{
    "id": 332750956,
    "username": "charles.bednar",
    "firstName": "Carlton",
    "lastName": "Kuhlman",
    "email": "kiyoko.toy@yahoo.com",
    "password": "jce774zdvq",
    "phone": "837-442-2530",
    "userStatus": 0
}
]]></system-out>
  </testcase>
  <testcase name="testPropertieReaderDeleteUser" classname="api.test.PropertieReaderUserTests2" time="1.797">
    <system-out><![CDATA[{
    "code": 200,
    "type": "unknown",
    "message": "charles.bednar"
}
]]></system-out>
  </testcase>
</testsuite>