<?xml version="1.0" encoding="UTF-8"?>
<!-- Generated by org.testng.reporters.JUnitReportReporter -->
<testsuite hostname="DESKTOP-F32IEPM" failures="0" tests="4" name="api.test.PropertieReaderUserTests2" time="8.925" errors="0" timestamp="2025-01-20T14:56:38 IST" skipped="0">
  <testcase classname="api.test.PropertieReaderUserTests2" name="testPropertieReaderPostUser" time="1.570"/>
  <testcase classname="api.test.PropertieReaderUserTests2" name="testPropertieReaderGetUserByName" time="1.712"/>
  <testcase classname="api.test.PropertieReaderUserTests2" name="testPropertieReaderUpdateUser" time="3.714"/>
  <testcase classname="api.test.PropertieReaderUserTests2" name="testPropertieReaderDeleteUser" time="1.929"/>
</testsuite> <!-- api.test.PropertieReaderUserTests2 -->
