<?xml version="1.0" encoding="UTF-8"?>
<!-- Generated by org.testng.reporters.JUnitReportReporter -->
<testsuite hostname="DESKTOP-F32IEPM" failures="0" tests="4" name="api.test.UserTests" time="15.786" errors="0" timestamp="2025-01-20T14:56:38 IST" skipped="0">
  <testcase classname="api.test.UserTests" name="testPostUser" time="9.225"/>
  <testcase classname="api.test.UserTests" name="testGetUserByName" time="1.571"/>
  <testcase classname="api.test.UserTests" name="testUpdateUser" time="3.313"/>
  <testcase classname="api.test.UserTests" name="testDeleteUser" time="1.677"/>
</testsuite> <!-- api.test.UserTests -->
