<?xml version="1.0" encoding="UTF-8"?>
<!-- Generated by org.testng.reporters.JUnitReportReporter -->
<testsuite hostname="DESKTOP-F32IEPM" failures="0" tests="4" name="api.test.UserTests" time="12.213" errors="0" timestamp="2025-01-20T15:44:09 IST" skipped="0">
  <testcase classname="api.test.UserTests" name="testPostUser" time="4.764"/>
  <testcase classname="api.test.UserTests" name="testGetUserByName" time="1.959"/>
  <testcase classname="api.test.UserTests" name="testUpdateUser" time="3.724"/>
  <testcase classname="api.test.UserTests" name="testDeleteUser" time="1.766"/>
</testsuite> <!-- api.test.UserTests -->
