<?xml version="1.0" encoding="UTF-8"?>
<!-- Generated by org.testng.reporters.JUnitReportReporter -->
<testsuite hostname="DESKTOP-F32IEPM" failures="0" tests="4" name="api.test.PropertieReaderUserTests2" time="8.503" errors="0" timestamp="2025-01-20T15:44:09 IST" skipped="0">
  <testcase classname="api.test.PropertieReaderUserTests2" name="testPropertieReaderPostUser" time="1.741"/>
  <testcase classname="api.test.PropertieReaderUserTests2" name="testPropertieReaderGetUserByName" time="1.826"/>
  <testcase classname="api.test.PropertieReaderUserTests2" name="testPropertieReaderUpdateUser" time="3.117"/>
  <testcase classname="api.test.PropertieReaderUserTests2" name="testPropertieReaderDeleteUser" time="1.819"/>
</testsuite> <!-- api.test.PropertieReaderUserTests2 -->
